{"uuid":"4478f8b7-85a7-4f31-a011-f912e9479eb1","historyId":"efd1ce0cb1c1285a0cc0811a07fe40e8","fullName":"ge.tbc.testautomation.CoreFunctionalityTests.propertyDetailsConsistencyTest","labels":[{"name":"package","value":"ge.tbc.testautomation.CoreFunctionalityTests"},{"name":"testClass","value":"ge.tbc.testautomation.CoreFunctionalityTests"},{"name":"testMethod","value":"propertyDetailsConsistencyTest"},{"name":"parentSuite","value":"Default Suite"},{"name":"suite","value":"second-final-project"},{"name":"subSuite","value":"ge.tbc.testautomation.CoreFunctionalityTests"},{"name":"host","value":"DESKTOP-3QHAGIK"},{"name":"thread","value":"24692@DESKTOP-3QHAGIK.main(1)"},{"name":"framework","value":"testng"},{"name":"language","value":"java"}],"links":[],"name":"propertyDetailsConsistencyTest","status":"skipped","statusDetails":{"known":false,"muted":false,"flaky":false,"message":"Error {\n  message='net::ERR_ABORTED at https://www.booking.com/index.html?no_signin_popup=1\n  name='Error\n  stack='Error: net::ERR_ABORTED at https://www.booking.com/index.html?no_signin_popup=1\n    at FrameSession._navigate (C:\\Users\\gstore\\AppData\\Local\\Temp\\playwright-java-11922006947574909462\\package\\lib\\server\\chromium\\crPage.js:485:13)\n    at async Frame._gotoAction (C:\\Users\\gstore\\AppData\\Local\\Temp\\playwright-java-11922006947574909462\\package\\lib\\server\\frames.js:550:28)\n}\nCall log:\n-   - navigating to \"https://www.booking.com/index.html?no_signin_popup=1\", waiting until \"load\"\n","trace":"com.microsoft.playwright.PlaywrightException: Error {\n  message='net::ERR_ABORTED at https://www.booking.com/index.html?no_signin_popup=1\n  name='Error\n  stack='Error: net::ERR_ABORTED at https://www.booking.com/index.html?no_signin_popup=1\n    at FrameSession._navigate (C:\\Users\\gstore\\AppData\\Local\\Temp\\playwright-java-11922006947574909462\\package\\lib\\server\\chromium\\crPage.js:485:13)\n    at async Frame._gotoAction (C:\\Users\\gstore\\AppData\\Local\\Temp\\playwright-java-11922006947574909462\\package\\lib\\server\\frames.js:550:28)\n}\nCall log:\n-   - navigating to \"https://www.booking.com/index.html?no_signin_popup=1\", waiting until \"load\"\n\r\n\tat com.microsoft.playwright.impl.WaitableResult.get(WaitableResult.java:56)\r\n\tat com.microsoft.playwright.impl.ChannelOwner.runUntil(ChannelOwner.java:132)\r\n\tat com.microsoft.playwright.impl.Connection.sendMessage(Connection.java:130)\r\n\tat com.microsoft.playwright.impl.ChannelOwner.sendMessage(ChannelOwner.java:118)\r\n\tat com.microsoft.playwright.impl.FrameImpl.navigateImpl(FrameImpl.java:463)\r\n\tat com.microsoft.playwright.impl.PageImpl.lambda$navigate$47(PageImpl.java:943)\r\n\tat com.microsoft.playwright.impl.LoggingSupport.withLogging(LoggingSupport.java:47)\r\n\tat com.microsoft.playwright.impl.ChannelOwner.withLogging(ChannelOwner.java:97)\r\n\tat com.microsoft.playwright.impl.PageImpl.navigate(PageImpl.java:943)\r\n\tat com.microsoft.playwright.impl.PageImpl.navigate(PageImpl.java:42)\r\n\tat com.microsoft.playwright.Page.navigate(Page.java:5491)\r\n\tat ge.tbc.testautomation.BaseTest.resetContext(BaseTest.java:40)\r\n\tat java.base/jdk.internal.reflect.DirectMethodHandleAccessor.invoke(DirectMethodHandleAccessor.java:103)\r\n\tat java.base/java.lang.reflect.Method.invoke(Method.java:580)\r\n\tat org.testng.internal.invokers.MethodInvocationHelper.invokeMethod(MethodInvocationHelper.java:141)\r\n\tat org.testng.internal.invokers.MethodInvocationHelper.invokeMethodConsideringTimeout(MethodInvocationHelper.java:71)\r\n\tat org.testng.internal.invokers.ConfigInvoker.invokeConfigurationMethod(ConfigInvoker.java:400)\r\n\tat org.testng.internal.invokers.ConfigInvoker.invokeConfigurations(ConfigInvoker.java:333)\r\n\tat org.testng.internal.invokers.TestInvoker.runConfigMethods(TestInvoker.java:833)\r\n\tat org.testng.internal.invokers.TestInvoker.invokeMethod(TestInvoker.java:600)\r\n\tat org.testng.internal.invokers.TestInvoker.invokeTestMethod(TestInvoker.java:230)\r\n\tat org.testng.internal.invokers.MethodRunner.runInSequence(MethodRunner.java:63)\r\n\tat org.testng.internal.invokers.TestInvoker$MethodInvocationAgent.invoke(TestInvoker.java:992)\r\n\tat org.testng.internal.invokers.TestInvoker.invokeTestMethods(TestInvoker.java:203)\r\n\tat org.testng.internal.invokers.TestMethodWorker.invokeTestMethods(TestMethodWorker.java:154)\r\n\tat org.testng.internal.invokers.TestMethodWorker.run(TestMethodWorker.java:134)\r\n\tat java.base/java.util.ArrayList.forEach(ArrayList.java:1597)\r\n\tat org.testng.TestRunner.privateRun(TestRunner.java:739)\r\n\tat org.testng.TestRunner.run(TestRunner.java:614)\r\n\tat org.testng.SuiteRunner.runTest(SuiteRunner.java:421)\r\n\tat org.testng.SuiteRunner.runSequentially(SuiteRunner.java:413)\r\n\tat org.testng.SuiteRunner.privateRun(SuiteRunner.java:373)\r\n\tat org.testng.SuiteRunner.run(SuiteRunner.java:312)\r\n\tat org.testng.SuiteRunnerWorker.runSuite(SuiteRunnerWorker.java:52)\r\n\tat org.testng.SuiteRunnerWorker.run(SuiteRunnerWorker.java:95)\r\n\tat org.testng.TestNG.runSuitesSequentially(TestNG.java:1274)\r\n\tat org.testng.TestNG.runSuitesLocally(TestNG.java:1208)\r\n\tat org.testng.TestNG.runSuites(TestNG.java:1112)\r\n\tat org.testng.TestNG.run(TestNG.java:1079)\r\n\tat com.intellij.rt.testng.IDEARemoteTestNG.run(IDEARemoteTestNG.java:65)\r\n\tat com.intellij.rt.testng.RemoteTestNGStarter.main(RemoteTestNGStarter.java:105)\r\nCaused by: com.microsoft.playwright.impl.DriverException: Error {\n  message='net::ERR_ABORTED at https://www.booking.com/index.html?no_signin_popup=1\n  name='Error\n  stack='Error: net::ERR_ABORTED at https://www.booking.com/index.html?no_signin_popup=1\n    at FrameSession._navigate (C:\\Users\\gstore\\AppData\\Local\\Temp\\playwright-java-11922006947574909462\\package\\lib\\server\\chromium\\crPage.js:485:13)\n    at async Frame._gotoAction (C:\\Users\\gstore\\AppData\\Local\\Temp\\playwright-java-11922006947574909462\\package\\lib\\server\\frames.js:550:28)\n}\nCall log:\n-   - navigating to \"https://www.booking.com/index.html?no_signin_popup=1\", waiting until \"load\"\n\r\n\tat com.microsoft.playwright.impl.Connection.dispatch(Connection.java:259)\r\n\tat com.microsoft.playwright.impl.Connection.processOneMessage(Connection.java:211)\r\n\tat com.microsoft.playwright.impl.ChannelOwner.runUntil(ChannelOwner.java:130)\r\n\t... 39 more\r\n"},"stage":"finished","steps":[],"attachments":[],"parameters":[{"name":"arg0","value":"BookingCase(id=2, destination=Paris, checkIn=2023-12-25, checkOut=2023-12-30, guests=3)"}],"start":1748466321660,"stop":1748466321661}